{"uid":"89dae12401c331ce","name":"testBuildGitProjectWithBuildStepsMaven","fullName":"tests.FreestyleProjectTest.testBuildGitProjectWithBuildStepsMaven","historyId":"f9724f13319e3daf85d7b5a005ed286f","time":{"start":1690313267650,"stop":1690313347072,"duration":79422},"description":"Test if Console Output page  log contains 'T E S T S' section thus proving that tests of sourced project were run.Test if Console Output log contains 'BUILD SUCCESS' text thus proving that the run was successProject sourced from GitHub using Maven with Build Steps goal: 'test'","descriptionHtml":"<p>Test if Console Output page  log contains 'T E S T S' section thus proving that tests of sourced project were run.Test if Console Output log contains 'BUILD SUCCESS' text thus proving that the run was successProject sourced from GitHub using Maven with Build Steps goal: 'test'</p>\n","status":"skipped","statusMessage":"Expected condition failed: waiting for Attribute or property 'tooltip' to be 'Success &gt; Console Output'. Current value: 'Failed &gt; Console Output' (tried for 60 second(s) with 500 milliseconds interval)\nBuild info: version: '4.5.3', revision: '4b786a1e430'\nSystem info: os.name: 'Linux', os.arch: 'amd64', os.version: '5.15.0-1041-azure', java.version: '11.0.20'\nDriver info: org.openqa.selenium.chrome.ChromeDriver\nCapabilities {acceptInsecureCerts: false, browserName: chrome, browserVersion: 114.0.5735.198, chrome: {chromedriverVersion: 114.0.5735.90 (386bc09e8f4f..., userDataDir: /tmp/.com.google.Chrome.SzRUqR}, goog:chromeOptions: {debuggerAddress: localhost:45675}, networkConnectionEnabled: false, pageLoadStrategy: normal, platformName: LINUX, proxy: Proxy(), se:cdp: ws://localhost:45675/devtoo..., se:cdpVersion: 114.0.5735.198, setWindowRect: true, strictFileInteractability: false, timeouts: {implicit: 0, pageLoad: 300000, script: 30000}, unhandledPromptBehavior: dismiss and notify, webauthn:extension:credBlob: true, webauthn:extension:largeBlob: true, webauthn:extension:minPinLength: true, webauthn:extension:prf: true, webauthn:virtualAuthenticators: true}\nSession ID: 2ef844d6d76072cde974bb1fd7f00533","statusTrace":"org.openqa.selenium.TimeoutException: Expected condition failed: waiting for Attribute or property 'tooltip' to be 'Success &gt; Console Output'. Current value: 'Failed &gt; Console Output' (tried for 60 second(s) with 500 milliseconds interval)\nBuild info: version: '4.5.3', revision: '4b786a1e430'\nSystem info: os.name: 'Linux', os.arch: 'amd64', os.version: '5.15.0-1041-azure', java.version: '11.0.20'\nDriver info: org.openqa.selenium.chrome.ChromeDriver\nCapabilities {acceptInsecureCerts: false, browserName: chrome, browserVersion: 114.0.5735.198, chrome: {chromedriverVersion: 114.0.5735.90 (386bc09e8f4f..., userDataDir: /tmp/.com.google.Chrome.SzRUqR}, goog:chromeOptions: {debuggerAddress: localhost:45675}, networkConnectionEnabled: false, pageLoadStrategy: normal, platformName: LINUX, proxy: Proxy(), se:cdp: ws://localhost:45675/devtoo..., se:cdpVersion: 114.0.5735.198, setWindowRect: true, strictFileInteractability: false, timeouts: {implicit: 0, pageLoad: 300000, script: 30000}, unhandledPromptBehavior: dismiss and notify, webauthn:extension:credBlob: true, webauthn:extension:largeBlob: true, webauthn:extension:minPinLength: true, webauthn:extension:prf: true, webauthn:virtualAuthenticators: true}\nSession ID: 2ef844d6d76072cde974bb1fd7f00533\n\tat org.openqa.selenium.support.ui.WebDriverWait.timeoutException(WebDriverWait.java:87)\n\tat org.openqa.selenium.support.ui.FluentWait.until(FluentWait.java:231)\n\tat model.component.menu.status.FreestyleProjectStatusSideMenuComponent.clickBuildNowAndWaitSuccessStatus(FreestyleProjectStatusSideMenuComponent.java:104)\n\tat tests.FreestyleProjectTest.testBuildGitProjectWithBuildStepsMaven(FreestyleProjectTest.java:456)\n\tat java.base/jdk.internal.reflect.NativeMethodAccessorImpl.invoke0(Native Method)\n\tat java.base/jdk.internal.reflect.NativeMethodAccessorImpl.invoke(NativeMethodAccessorImpl.java:62)\n\tat java.base/jdk.internal.reflect.DelegatingMethodAccessorImpl.invoke(DelegatingMethodAccessorImpl.java:43)\n\tat java.base/java.lang.reflect.Method.invoke(Method.java:566)\n\tat org.testng.internal.invokers.MethodInvocationHelper.invokeMethod(MethodInvocationHelper.java:139)\n\tat org.testng.internal.invokers.TestInvoker.invokeMethod(TestInvoker.java:677)\n\tat org.testng.internal.invokers.TestInvoker.invokeTestMethod(TestInvoker.java:221)\n\tat org.testng.internal.invokers.MethodRunner.runInSequence(MethodRunner.java:50)\n\tat org.testng.internal.invokers.TestInvoker$MethodInvocationAgent.invoke(TestInvoker.java:962)\n\tat org.testng.internal.invokers.TestInvoker.invokeTestMethods(TestInvoker.java:194)\n\tat org.testng.internal.invokers.TestMethodWorker.invokeTestMethods(TestMethodWorker.java:148)\n\tat org.testng.internal.invokers.TestMethodWorker.run(TestMethodWorker.java:128)\n\tat java.base/java.util.ArrayList.forEach(ArrayList.java:1541)\n\tat org.testng.TestRunner.privateRun(TestRunner.java:806)\n\tat org.testng.TestRunner.run(TestRunner.java:601)\n\tat org.testng.SuiteRunner.runTest(SuiteRunner.java:433)\n\tat org.testng.SuiteRunner.runSequentially(SuiteRunner.java:427)\n\tat org.testng.SuiteRunner.privateRun(SuiteRunner.java:387)\n\tat org.testng.SuiteRunner.run(SuiteRunner.java:330)\n\tat org.testng.SuiteRunnerWorker.runSuite(SuiteRunnerWorker.java:52)\n\tat org.testng.SuiteRunnerWorker.run(SuiteRunnerWorker.java:95)\n\tat org.testng.TestNG.runSuitesSequentially(TestNG.java:1256)\n\tat org.testng.TestNG.runSuitesLocally(TestNG.java:1176)\n\tat org.testng.TestNG.runSuites(TestNG.java:1099)\n\tat org.testng.TestNG.run(TestNG.java:1067)\n\tat org.apache.maven.surefire.testng.TestNGExecutor.run(TestNGExecutor.java:135)\n\tat org.apache.maven.surefire.testng.TestNGDirectoryTestSuite.executeMulti(TestNGDirectoryTestSuite.java:193)\n\tat org.apache.maven.surefire.testng.TestNGDirectoryTestSuite.execute(TestNGDirectoryTestSuite.java:94)\n\tat org.apache.maven.surefire.testng.TestNGProvider.invoke(TestNGProvider.java:146)\n\tat org.apache.maven.surefire.booter.ForkedBooter.invokeProviderInSameClassLoader(ForkedBooter.java:386)\n\tat org.apache.maven.surefire.booter.ForkedBooter.runSuitesInProcess(ForkedBooter.java:323)\n\tat org.apache.maven.surefire.booter.ForkedBooter.main(ForkedBooter.java:143)\n","flaky":false,"newFailed":false,"newBroken":false,"newPassed":false,"retriesCount":0,"retriesStatusChange":false,"beforeStages":[{"name":"beforeClass","time":{"start":1690313262819,"stop":1690313262819,"duration":0},"description":"","status":"passed","steps":[],"attachments":[],"parameters":[],"stepsCount":0,"attachmentsCount":0,"shouldDisplayMessage":false,"hasContent":false},{"name":"beforeMethod","time":{"start":1690313266853,"stop":1690313267648,"duration":795},"description":"","status":"passed","steps":[],"attachments":[],"parameters":[],"stepsCount":0,"attachmentsCount":0,"shouldDisplayMessage":false,"hasContent":false}],"testStage":{"description":"Test if Console Output page  log contains 'T E S T S' section thus proving that tests of sourced project were run.Test if Console Output log contains 'BUILD SUCCESS' text thus proving that the run was successProject sourced from GitHub using Maven with Build Steps goal: 'test'","status":"skipped","statusMessage":"Expected condition failed: waiting for Attribute or property 'tooltip' to be 'Success &gt; Console Output'. Current value: 'Failed &gt; Console Output' (tried for 60 second(s) with 500 milliseconds interval)\nBuild info: version: '4.5.3', revision: '4b786a1e430'\nSystem info: os.name: 'Linux', os.arch: 'amd64', os.version: '5.15.0-1041-azure', java.version: '11.0.20'\nDriver info: org.openqa.selenium.chrome.ChromeDriver\nCapabilities {acceptInsecureCerts: false, browserName: chrome, browserVersion: 114.0.5735.198, chrome: {chromedriverVersion: 114.0.5735.90 (386bc09e8f4f..., userDataDir: /tmp/.com.google.Chrome.SzRUqR}, goog:chromeOptions: {debuggerAddress: localhost:45675}, networkConnectionEnabled: false, pageLoadStrategy: normal, platformName: LINUX, proxy: Proxy(), se:cdp: ws://localhost:45675/devtoo..., se:cdpVersion: 114.0.5735.198, setWindowRect: true, strictFileInteractability: false, timeouts: {implicit: 0, pageLoad: 300000, script: 30000}, unhandledPromptBehavior: dismiss and notify, webauthn:extension:credBlob: true, webauthn:extension:largeBlob: true, webauthn:extension:minPinLength: true, webauthn:extension:prf: true, webauthn:virtualAuthenticators: true}\nSession ID: 2ef844d6d76072cde974bb1fd7f00533","statusTrace":"org.openqa.selenium.TimeoutException: Expected condition failed: waiting for Attribute or property 'tooltip' to be 'Success &gt; Console Output'. Current value: 'Failed &gt; Console Output' (tried for 60 second(s) with 500 milliseconds interval)\nBuild info: version: '4.5.3', revision: '4b786a1e430'\nSystem info: os.name: 'Linux', os.arch: 'amd64', os.version: '5.15.0-1041-azure', java.version: '11.0.20'\nDriver info: org.openqa.selenium.chrome.ChromeDriver\nCapabilities {acceptInsecureCerts: false, browserName: chrome, browserVersion: 114.0.5735.198, chrome: {chromedriverVersion: 114.0.5735.90 (386bc09e8f4f..., userDataDir: /tmp/.com.google.Chrome.SzRUqR}, goog:chromeOptions: {debuggerAddress: localhost:45675}, networkConnectionEnabled: false, pageLoadStrategy: normal, platformName: LINUX, proxy: Proxy(), se:cdp: ws://localhost:45675/devtoo..., se:cdpVersion: 114.0.5735.198, setWindowRect: true, strictFileInteractability: false, timeouts: {implicit: 0, pageLoad: 300000, script: 30000}, unhandledPromptBehavior: dismiss and notify, webauthn:extension:credBlob: true, webauthn:extension:largeBlob: true, webauthn:extension:minPinLength: true, webauthn:extension:prf: true, webauthn:virtualAuthenticators: true}\nSession ID: 2ef844d6d76072cde974bb1fd7f00533\n\tat org.openqa.selenium.support.ui.WebDriverWait.timeoutException(WebDriverWait.java:87)\n\tat org.openqa.selenium.support.ui.FluentWait.until(FluentWait.java:231)\n\tat model.component.menu.status.FreestyleProjectStatusSideMenuComponent.clickBuildNowAndWaitSuccessStatus(FreestyleProjectStatusSideMenuComponent.java:104)\n\tat tests.FreestyleProjectTest.testBuildGitProjectWithBuildStepsMaven(FreestyleProjectTest.java:456)\n\tat java.base/jdk.internal.reflect.NativeMethodAccessorImpl.invoke0(Native Method)\n\tat java.base/jdk.internal.reflect.NativeMethodAccessorImpl.invoke(NativeMethodAccessorImpl.java:62)\n\tat java.base/jdk.internal.reflect.DelegatingMethodAccessorImpl.invoke(DelegatingMethodAccessorImpl.java:43)\n\tat java.base/java.lang.reflect.Method.invoke(Method.java:566)\n\tat org.testng.internal.invokers.MethodInvocationHelper.invokeMethod(MethodInvocationHelper.java:139)\n\tat org.testng.internal.invokers.TestInvoker.invokeMethod(TestInvoker.java:677)\n\tat org.testng.internal.invokers.TestInvoker.invokeTestMethod(TestInvoker.java:221)\n\tat org.testng.internal.invokers.MethodRunner.runInSequence(MethodRunner.java:50)\n\tat org.testng.internal.invokers.TestInvoker$MethodInvocationAgent.invoke(TestInvoker.java:962)\n\tat org.testng.internal.invokers.TestInvoker.invokeTestMethods(TestInvoker.java:194)\n\tat org.testng.internal.invokers.TestMethodWorker.invokeTestMethods(TestMethodWorker.java:148)\n\tat org.testng.internal.invokers.TestMethodWorker.run(TestMethodWorker.java:128)\n\tat java.base/java.util.ArrayList.forEach(ArrayList.java:1541)\n\tat org.testng.TestRunner.privateRun(TestRunner.java:806)\n\tat org.testng.TestRunner.run(TestRunner.java:601)\n\tat org.testng.SuiteRunner.runTest(SuiteRunner.java:433)\n\tat org.testng.SuiteRunner.runSequentially(SuiteRunner.java:427)\n\tat org.testng.SuiteRunner.privateRun(SuiteRunner.java:387)\n\tat org.testng.SuiteRunner.run(SuiteRunner.java:330)\n\tat org.testng.SuiteRunnerWorker.runSuite(SuiteRunnerWorker.java:52)\n\tat org.testng.SuiteRunnerWorker.run(SuiteRunnerWorker.java:95)\n\tat org.testng.TestNG.runSuitesSequentially(TestNG.java:1256)\n\tat org.testng.TestNG.runSuitesLocally(TestNG.java:1176)\n\tat org.testng.TestNG.runSuites(TestNG.java:1099)\n\tat org.testng.TestNG.run(TestNG.java:1067)\n\tat org.apache.maven.surefire.testng.TestNGExecutor.run(TestNGExecutor.java:135)\n\tat org.apache.maven.surefire.testng.TestNGDirectoryTestSuite.executeMulti(TestNGDirectoryTestSuite.java:193)\n\tat org.apache.maven.surefire.testng.TestNGDirectoryTestSuite.execute(TestNGDirectoryTestSuite.java:94)\n\tat org.apache.maven.surefire.testng.TestNGProvider.invoke(TestNGProvider.java:146)\n\tat org.apache.maven.surefire.booter.ForkedBooter.invokeProviderInSameClassLoader(ForkedBooter.java:386)\n\tat org.apache.maven.surefire.booter.ForkedBooter.runSuitesInProcess(ForkedBooter.java:323)\n\tat org.apache.maven.surefire.booter.ForkedBooter.main(ForkedBooter.java:143)\n","steps":[{"name":"Set Maven in Global Tools Configuration with Maven name 'S1rSjgo6vnnWJ45'","time":{"start":1690313267650,"stop":1690313273238,"duration":5588},"status":"passed","steps":[{"name":"Switch to the side menu","time":{"start":1690313267650,"stop":1690313267650,"duration":0},"status":"passed","steps":[],"attachments":[],"parameters":[],"stepsCount":0,"attachmentsCount":0,"shouldDisplayMessage":false,"hasContent":false},{"name":"Click on 'Manage Jenkins' link on the side menu","time":{"start":1690313267650,"stop":1690313267969,"duration":319},"status":"passed","steps":[],"attachments":[],"parameters":[],"stepsCount":0,"attachmentsCount":0,"shouldDisplayMessage":false,"hasContent":false},{"name":"Click 'Global Tool Configuration' link in 'System Configuration' section","time":{"start":1690313267969,"stop":1690313269422,"duration":1453},"status":"passed","steps":[],"attachments":[],"parameters":[],"stepsCount":0,"attachmentsCount":0,"shouldDisplayMessage":false,"hasContent":false},{"name":"Set Maven version in Global Tools Configuration with new Maven name '{name}'","time":{"start":1690313269422,"stop":1690313272402,"duration":2980},"status":"passed","steps":[],"attachments":[],"parameters":[{"name":"mavenName","value":"S1rSjgo6vnnWJ45"}],"stepsCount":0,"attachmentsCount":0,"shouldDisplayMessage":false,"hasContent":true},{"name":"Switch to Breadcrumbs panel","time":{"start":1690313273073,"stop":1690313273073,"duration":0},"status":"passed","steps":[],"attachments":[],"parameters":[],"stepsCount":0,"attachmentsCount":0,"shouldDisplayMessage":false,"hasContent":false},{"name":"Click on 'Dashboard' link","time":{"start":1690313273073,"stop":1690313273238,"duration":165},"status":"passed","steps":[],"attachments":[],"parameters":[],"stepsCount":0,"attachmentsCount":0,"shouldDisplayMessage":false,"hasContent":false}],"attachments":[],"parameters":[{"name":"driver","value":"ChromeDriver: chrome on LINUX (2ef844d6d76072cde974bb1fd7f00533)"},{"name":"name","value":"S1rSjgo6vnnWJ45"}],"stepsCount":6,"attachmentsCount":0,"shouldDisplayMessage":false,"hasContent":true},{"name":"Create Freestyle project with valid random name and return to dashboard","time":{"start":1690313273238,"stop":1690313274892,"duration":1654},"status":"passed","steps":[{"name":"Switch to the side menu","time":{"start":1690313273238,"stop":1690313273238,"duration":0},"status":"passed","steps":[],"attachments":[],"parameters":[],"stepsCount":0,"attachmentsCount":0,"shouldDisplayMessage":false,"hasContent":false},{"name":"Click 'New Item' on the Side Menu","time":{"start":1690313273238,"stop":1690313273397,"duration":159},"status":"passed","steps":[],"attachments":[],"parameters":[],"stepsCount":0,"attachmentsCount":0,"shouldDisplayMessage":false,"hasContent":false},{"name":"Input the New Item name: TQbE2XRwAOZ4SQ3","time":{"start":1690313273397,"stop":1690313273545,"duration":148},"status":"passed","steps":[],"attachments":[],"parameters":[{"name":"name","value":"TQbE2XRwAOZ4SQ3"}],"stepsCount":0,"attachmentsCount":0,"shouldDisplayMessage":false,"hasContent":true},{"name":"Select 'Freestyle project' type on NewItemPage","time":{"start":1690313273545,"stop":1690313273637,"duration":92},"status":"passed","steps":[],"attachments":[],"parameters":[],"stepsCount":0,"attachmentsCount":0,"shouldDisplayMessage":false,"hasContent":false},{"name":"Click 'OK' button","time":{"start":1690313273637,"stop":1690313273802,"duration":165},"status":"passed","steps":[],"attachments":[],"parameters":[],"stepsCount":0,"attachmentsCount":0,"shouldDisplayMessage":false,"hasContent":false},{"name":"Click 'Save' button on the configuration page","time":{"start":1690313273802,"stop":1690313274571,"duration":769},"status":"passed","steps":[],"attachments":[],"parameters":[],"stepsCount":0,"attachmentsCount":0,"shouldDisplayMessage":false,"hasContent":false},{"name":"Switch to header","time":{"start":1690313274571,"stop":1690313274571,"duration":0},"status":"passed","steps":[],"attachments":[],"parameters":[],"stepsCount":0,"attachmentsCount":0,"shouldDisplayMessage":false,"hasContent":false},{"name":"Click on 'Jenkins' name icon on the header","time":{"start":1690313274571,"stop":1690313274892,"duration":321},"status":"passed","steps":[],"attachments":[],"parameters":[],"stepsCount":0,"attachmentsCount":0,"shouldDisplayMessage":false,"hasContent":false}],"attachments":[],"parameters":[{"name":"driver","value":"ChromeDriver: chrome on LINUX (2ef844d6d76072cde974bb1fd7f00533)"},{"name":"name","value":"TQbE2XRwAOZ4SQ3"}],"stepsCount":8,"attachmentsCount":0,"shouldDisplayMessage":false,"hasContent":true},{"name":"Select ‘Freestyle project’ 'TQbE2XRwAOZ4SQ3' on the Dashboard","time":{"start":1690313274892,"stop":1690313275060,"duration":168},"status":"passed","steps":[],"attachments":[],"parameters":[{"name":"name","value":"TQbE2XRwAOZ4SQ3"}],"stepsCount":0,"attachmentsCount":0,"shouldDisplayMessage":false,"hasContent":true},{"name":"Switch to the side menu","time":{"start":1690313275060,"stop":1690313275072,"duration":12},"status":"passed","steps":[],"attachments":[],"parameters":[],"stepsCount":0,"attachmentsCount":0,"shouldDisplayMessage":false,"hasContent":false},{"name":"Click 'Configure' on side menu","time":{"start":1690313275072,"stop":1690313275620,"duration":548},"status":"passed","steps":[],"attachments":[],"parameters":[],"stepsCount":0,"attachmentsCount":0,"shouldDisplayMessage":false,"hasContent":false},{"name":"Select 'Git' radio button in the 'Source Code Management' section of the Configuration page","time":{"start":1690313275620,"stop":1690313276699,"duration":1079},"status":"passed","steps":[],"attachments":[],"parameters":[],"stepsCount":0,"attachmentsCount":0,"shouldDisplayMessage":false,"hasContent":false},{"name":"Input 'https://github.com/RedRoverSchool/JenkinsQA_05-test.git' in the 'Repository URL' field. Refer to TestDataUtils.GITHUB_REPOSITORY_URL","time":{"start":1690313276699,"stop":1690313277364,"duration":665},"status":"passed","steps":[],"attachments":[],"parameters":[{"name":"url","value":"https://github.com/RedRoverSchool/JenkinsQA_05-test.git"}],"stepsCount":0,"attachmentsCount":0,"shouldDisplayMessage":false,"hasContent":true},{"name":"Input '*/main' in the 'Branch Specifier' field","time":{"start":1690313277364,"stop":1690313278122,"duration":758},"status":"passed","steps":[],"attachments":[],"parameters":[{"name":"branchSpecifier","value":"*/main"}],"stepsCount":0,"attachmentsCount":0,"shouldDisplayMessage":false,"hasContent":true},{"name":"Open ‘Add Build Steps' dropdown in the ‘Build Steps' section","time":{"start":1690313278123,"stop":1690313279392,"duration":1269},"status":"passed","steps":[],"attachments":[],"parameters":[],"stepsCount":0,"attachmentsCount":0,"shouldDisplayMessage":false,"hasContent":false},{"name":"Select ‘Invoke top-level Maven targets’ in dropdown menu of the 'Build Steps' section","time":{"start":1690313279392,"stop":1690313279509,"duration":117},"status":"passed","steps":[],"attachments":[],"parameters":[],"stepsCount":0,"attachmentsCount":0,"shouldDisplayMessage":false,"hasContent":false},{"name":"Select Maven version with name 'S1rSjgo6vnnWJ45' in dropdown of the 'Maven version' field in the 'Invoke top-level Maven targets' section","time":{"start":1690313279510,"stop":1690313280249,"duration":739},"status":"passed","steps":[],"attachments":[],"parameters":[{"name":"mavenName","value":"S1rSjgo6vnnWJ45"}],"stepsCount":0,"attachmentsCount":0,"shouldDisplayMessage":false,"hasContent":true},{"name":"Set ‘test’ in ‘Goals’ field","time":{"start":1690313280250,"stop":1690313281495,"duration":1245},"status":"passed","steps":[],"attachments":[],"parameters":[{"name":"goal","value":"test"}],"stepsCount":0,"attachmentsCount":0,"shouldDisplayMessage":false,"hasContent":true},{"name":"Click 'Save' button on the configuration page","time":{"start":1690313281495,"stop":1690313281650,"duration":155},"status":"passed","steps":[],"attachments":[],"parameters":[],"stepsCount":0,"attachmentsCount":0,"shouldDisplayMessage":false,"hasContent":false},{"name":"Switch to the side menu","time":{"start":1690313281650,"stop":1690313281650,"duration":0},"status":"passed","steps":[],"attachments":[],"parameters":[],"stepsCount":0,"attachmentsCount":0,"shouldDisplayMessage":false,"hasContent":false},{"name":"Click 'Build Now' on the side menu and wait for all builds are completed with 'Success' result' ","time":{"start":1690313281653,"stop":1690313347072,"duration":65419},"status":"broken","statusMessage":"Expected condition failed: waiting for Attribute or property 'tooltip' to be 'Success &gt; Console Output'. Current value: 'Failed &gt; Console Output' (tried for 60 second(s) with 500 milliseconds interval)\nBuild info: version: '4.5.3', revision: '4b786a1e430'\nSystem info: os.name: 'Linux', os.arch: 'amd64', os.version: '5.15.0-1041-azure', java.version: '11.0.20'\nDriver info: org.openqa.selenium.chrome.ChromeDriver\nCapabilities {acceptInsecureCerts: false, browserName: chrome, browserVersion: 114.0.5735.198, chrome: {chromedriverVersion: 114.0.5735.90 (386bc09e8f4f..., userDataDir: /tmp/.com.google.Chrome.SzRUqR}, goog:chromeOptions: {debuggerAddress: localhost:45675}, networkConnectionEnabled: false, pageLoadStrategy: normal, platformName: LINUX, proxy: Proxy(), se:cdp: ws://localhost:45675/devtoo..., se:cdpVersion: 114.0.5735.198, setWindowRect: true, strictFileInteractability: false, timeouts: {implicit: 0, pageLoad: 300000, script: 30000}, unhandledPromptBehavior: dismiss and notify, webauthn:extension:credBlob: true, webauthn:extension:largeBlob: true, webauthn:extension:minPinLength: true, webauthn:extension:prf: true, webauthn:virtualAuthenticators: true}\nSession ID: 2ef844d6d76072cde974bb1fd7f00533","statusTrace":"org.openqa.selenium.TimeoutException: Expected condition failed: waiting for Attribute or property 'tooltip' to be 'Success &gt; Console Output'. Current value: 'Failed &gt; Console Output' (tried for 60 second(s) with 500 milliseconds interval)\nBuild info: version: '4.5.3', revision: '4b786a1e430'\nSystem info: os.name: 'Linux', os.arch: 'amd64', os.version: '5.15.0-1041-azure', java.version: '11.0.20'\nDriver info: org.openqa.selenium.chrome.ChromeDriver\nCapabilities {acceptInsecureCerts: false, browserName: chrome, browserVersion: 114.0.5735.198, chrome: {chromedriverVersion: 114.0.5735.90 (386bc09e8f4f..., userDataDir: /tmp/.com.google.Chrome.SzRUqR}, goog:chromeOptions: {debuggerAddress: localhost:45675}, networkConnectionEnabled: false, pageLoadStrategy: normal, platformName: LINUX, proxy: Proxy(), se:cdp: ws://localhost:45675/devtoo..., se:cdpVersion: 114.0.5735.198, setWindowRect: true, strictFileInteractability: false, timeouts: {implicit: 0, pageLoad: 300000, script: 30000}, unhandledPromptBehavior: dismiss and notify, webauthn:extension:credBlob: true, webauthn:extension:largeBlob: true, webauthn:extension:minPinLength: true, webauthn:extension:prf: true, webauthn:virtualAuthenticators: true}\nSession ID: 2ef844d6d76072cde974bb1fd7f00533\n\tat org.openqa.selenium.support.ui.WebDriverWait.timeoutException(WebDriverWait.java:87)\n\tat org.openqa.selenium.support.ui.FluentWait.until(FluentWait.java:231)\n\tat model.component.menu.status.FreestyleProjectStatusSideMenuComponent.clickBuildNowAndWaitSuccessStatus(FreestyleProjectStatusSideMenuComponent.java:104)\n\tat tests.FreestyleProjectTest.testBuildGitProjectWithBuildStepsMaven(FreestyleProjectTest.java:456)\n\tat java.base/jdk.internal.reflect.NativeMethodAccessorImpl.invoke0(Native Method)\n\tat java.base/jdk.internal.reflect.NativeMethodAccessorImpl.invoke(NativeMethodAccessorImpl.java:62)\n\tat java.base/jdk.internal.reflect.DelegatingMethodAccessorImpl.invoke(DelegatingMethodAccessorImpl.java:43)\n\tat java.base/java.lang.reflect.Method.invoke(Method.java:566)\n\tat org.testng.internal.invokers.MethodInvocationHelper.invokeMethod(MethodInvocationHelper.java:139)\n\tat org.testng.internal.invokers.TestInvoker.invokeMethod(TestInvoker.java:677)\n\tat org.testng.internal.invokers.TestInvoker.invokeTestMethod(TestInvoker.java:221)\n\tat org.testng.internal.invokers.MethodRunner.runInSequence(MethodRunner.java:50)\n\tat org.testng.internal.invokers.TestInvoker$MethodInvocationAgent.invoke(TestInvoker.java:962)\n\tat org.testng.internal.invokers.TestInvoker.invokeTestMethods(TestInvoker.java:194)\n\tat org.testng.internal.invokers.TestMethodWorker.invokeTestMethods(TestMethodWorker.java:148)\n\tat org.testng.internal.invokers.TestMethodWorker.run(TestMethodWorker.java:128)\n\tat java.base/java.util.ArrayList.forEach(ArrayList.java:1541)\n\tat org.testng.TestRunner.privateRun(TestRunner.java:806)\n\tat org.testng.TestRunner.run(TestRunner.java:601)\n\tat org.testng.SuiteRunner.runTest(SuiteRunner.java:433)\n\tat org.testng.SuiteRunner.runSequentially(SuiteRunner.java:427)\n\tat org.testng.SuiteRunner.privateRun(SuiteRunner.java:387)\n\tat org.testng.SuiteRunner.run(SuiteRunner.java:330)\n\tat org.testng.SuiteRunnerWorker.runSuite(SuiteRunnerWorker.java:52)\n\tat org.testng.SuiteRunnerWorker.run(SuiteRunnerWorker.java:95)\n\tat org.testng.TestNG.runSuitesSequentially(TestNG.java:1256)\n\tat org.testng.TestNG.runSuitesLocally(TestNG.java:1176)\n\tat org.testng.TestNG.runSuites(TestNG.java:1099)\n\tat org.testng.TestNG.run(TestNG.java:1067)\n\tat org.apache.maven.surefire.testng.TestNGExecutor.run(TestNGExecutor.java:135)\n\tat org.apache.maven.surefire.testng.TestNGDirectoryTestSuite.executeMulti(TestNGDirectoryTestSuite.java:193)\n\tat org.apache.maven.surefire.testng.TestNGDirectoryTestSuite.execute(TestNGDirectoryTestSuite.java:94)\n\tat org.apache.maven.surefire.testng.TestNGProvider.invoke(TestNGProvider.java:146)\n\tat org.apache.maven.surefire.booter.ForkedBooter.invokeProviderInSameClassLoader(ForkedBooter.java:386)\n\tat org.apache.maven.surefire.booter.ForkedBooter.runSuitesInProcess(ForkedBooter.java:323)\n\tat org.apache.maven.surefire.booter.ForkedBooter.main(ForkedBooter.java:143)\n","steps":[],"attachments":[],"parameters":[],"stepsCount":0,"attachmentsCount":0,"shouldDisplayMessage":true,"hasContent":true}],"attachments":[],"parameters":[],"stepsCount":29,"attachmentsCount":0,"shouldDisplayMessage":false,"hasContent":true},"afterStages":[{"name":"afterMethod","time":{"start":1690313347074,"stop":1690313347717,"duration":643},"description":"","status":"passed","steps":[],"attachments":[{"uid":"d3ca98eb3e5b8158","name":"screenshot","source":"d3ca98eb3e5b8158.png","type":"image/png","size":83293}],"parameters":[],"stepsCount":0,"attachmentsCount":1,"shouldDisplayMessage":false,"hasContent":true}],"labels":[{"name":"package","value":"tests.FreestyleProjectTest"},{"name":"testClass","value":"tests.FreestyleProjectTest"},{"name":"testMethod","value":"testBuildGitProjectWithBuildStepsMaven"},{"name":"parentSuite","value":"Surefire suite"},{"name":"suite","value":"Surefire test"},{"name":"subSuite","value":"tests.FreestyleProjectTest"},{"name":"host","value":"fv-az206-995"},{"name":"thread","value":"2838@fv-az206-995.main(1)"},{"name":"framework","value":"testng"},{"name":"language","value":"java"},{"name":"owner","value":"Liudmila Plucci"},{"name":"feature","value":"Function"},{"name":"severity","value":"critical"},{"name":"resultFormat","value":"allure2"}],"parameters":[],"links":[{"name":"y0zlLD5l","url":"https://trello.com/c/y0zlLD5l","type":"tms"}],"hidden":true,"retry":true,"extra":{"categories":[],"tags":[]},"source":"89dae12401c331ce.json","parameterValues":[]}